0 info it worked if it ends with ok
1 verbose cli [ 'node', '/usr/local/bin/npm', 'install', 'ozlazyload', '--save' ]
2 info using npm@1.4.3
3 info using node@v0.10.26
4 warn package.json Wenz@0.0.0 No description
5 warn package.json Wenz@0.0.0 No repository field.
6 warn package.json Wenz@0.0.0 No README data
7 verbose readDependencies using package.json deps
8 verbose cache add [ 'ozlazyload', null ]
9 verbose cache add name=undefined spec="ozlazyload" args=["ozlazyload",null]
10 verbose parsed url { protocol: null,
10 verbose parsed url   slashes: null,
10 verbose parsed url   auth: null,
10 verbose parsed url   host: null,
10 verbose parsed url   port: null,
10 verbose parsed url   hostname: null,
10 verbose parsed url   hash: null,
10 verbose parsed url   search: null,
10 verbose parsed url   query: null,
10 verbose parsed url   pathname: 'ozlazyload',
10 verbose parsed url   path: 'ozlazyload',
10 verbose parsed url   href: 'ozlazyload' }
11 silly lockFile 12ba171a-ozlazyload ozlazyload
12 verbose lock ozlazyload /Users/nhn/.npm/12ba171a-ozlazyload.lock
13 silly lockFile 12ba171a-ozlazyload ozlazyload
14 silly lockFile 12ba171a-ozlazyload ozlazyload
15 verbose addNamed [ 'ozlazyload', '' ]
16 verbose addNamed [ null, '*' ]
17 silly lockFile 717f6408-ozlazyload ozlazyload@
18 verbose lock ozlazyload@ /Users/nhn/.npm/717f6408-ozlazyload.lock
19 silly addNameRange { name: 'ozlazyload', range: '*', hasData: false }
20 verbose url raw ozlazyload
21 verbose url resolving [ 'https://registry.npmjs.org/', './ozlazyload' ]
22 verbose url resolved https://registry.npmjs.org/ozlazyload
23 info trying registry request attempt 1 at 21:51:13
24 http GET https://registry.npmjs.org/ozlazyload
25 http 404 https://registry.npmjs.org/ozlazyload
26 silly registry.get cb [ 404,
26 silly registry.get   { date: 'Tue, 06 Jan 2015 12:51:13 GMT',
26 silly registry.get     server: 'CouchDB/1.5.0 (Erlang OTP/R16B03)',
26 silly registry.get     'content-type': 'application/json',
26 silly registry.get     'cache-control': 'max-age=0',
26 silly registry.get     'content-length': '52',
26 silly registry.get     'accept-ranges': 'bytes',
26 silly registry.get     via: '1.1 varnish',
26 silly registry.get     age: '0',
26 silly registry.get     'x-served-by': 'cache-ty67-TYO',
26 silly registry.get     'x-cache': 'MISS',
26 silly registry.get     'x-cache-hits': '0',
26 silly registry.get     'x-timer': 'S1420548673.371924,VS0,VE474',
26 silly registry.get     'keep-alive': 'timeout=10, max=50',
26 silly registry.get     connection: 'Keep-Alive' } ]
27 silly lockFile 717f6408-ozlazyload ozlazyload@
28 silly lockFile 717f6408-ozlazyload ozlazyload@
29 error 404 'ozlazyload' is not in the npm registry.
29 error 404 You should bug the author to publish it
29 error 404 It was specified as a dependency of 'Wenz'
29 error 404
29 error 404 Note that you can also install from a
29 error 404 tarball, folder, or http url, or git url.
30 error System Darwin 14.0.0
31 error command "node" "/usr/local/bin/npm" "install" "ozlazyload" "--save"
32 error cwd /Users/nhn/Projects/shu
33 error node -v v0.10.26
34 error npm -v 1.4.3
35 error code E404
36 verbose exit [ 1, true ]
